D:\WorkPlace\GitHub\AABoostLib\AABoostLib\AABoostLib\x64\Debug\AABoostLib.dll.embed.manifest
D:\WORKPLACE\GITHUB\AABOOSTLIB\AABOOSTLIB\AABOOSTLIB\X64\DEBUG\AABOOSTLIB.DLL.EMBED.MANIFEST.RES
D:\WorkPlace\GitHub\AABoostLib\AABoostLib\AABoostLib\x64\Debug\AABoostLib.dll.intermediate.manifest
D:\WORKPLACE\GITHUB\AABOOSTLIB\AABOOSTLIB\AABOOSTLIB\X64\DEBUG\AABOOSTLIB.OBJ
D:\WorkPlace\GitHub\AABoostLib\AABoostLib\AABoostLib\x64\Debug\AABoostLib_manifest.rc
D:\WORKPLACE\GITHUB\AABOOSTLIB\AABOOSTLIB\AABOOSTLIB\X64\DEBUG\BACKGROUND.OBJ
D:\WorkPlace\GitHub\AABoostLib\AABoostLib\AABoostLib\x64\Debug\cl.command.1.tlog
D:\WorkPlace\GitHub\AABoostLib\AABoostLib\AABoostLib\x64\Debug\CL.read.1.tlog
D:\WorkPlace\GitHub\AABoostLib\AABoostLib\AABoostLib\x64\Debug\CL.write.1.tlog
D:\WORKPLACE\GITHUB\AABOOSTLIB\AABOOSTLIB\AABOOSTLIB\X64\DEBUG\FALLSDETECTOR.OBJ
D:\WORKPLACE\GITHUB\AABOOSTLIB\AABOOSTLIB\AABOOSTLIB\X64\DEBUG\HAARFEATURE.OBJ
D:\WORKPLACE\GITHUB\AABOOSTLIB\AABOOSTLIB\AABOOSTLIB\X64\DEBUG\HOGFEATURE.OBJ
D:\WorkPlace\GitHub\AABoostLib\AABoostLib\AABoostLib\x64\Debug\link.command.1.tlog
D:\WorkPlace\GitHub\AABoostLib\AABoostLib\AABoostLib\x64\Debug\link.read.1.tlog
D:\WorkPlace\GitHub\AABoostLib\AABoostLib\AABoostLib\x64\Debug\link.write.1.tlog
D:\WorkPlace\GitHub\AABoostLib\AABoostLib\AABoostLib\x64\Debug\link-cvtres.read.1.tlog
D:\WorkPlace\GitHub\AABoostLib\AABoostLib\AABoostLib\x64\Debug\link-cvtres.write.1.tlog
D:\WorkPlace\GitHub\AABoostLib\AABoostLib\AABoostLib\x64\Debug\rc.command.1.tlog
D:\WorkPlace\GitHub\AABoostLib\AABoostLib\AABoostLib\x64\Debug\rc.read.1.tlog
D:\WorkPlace\GitHub\AABoostLib\AABoostLib\AABoostLib\x64\Debug\rc.write.1.tlog
D:\WORKPLACE\GITHUB\AABOOSTLIB\AABOOSTLIB\AABOOSTLIB\X64\DEBUG\REALADABOOST.OBJ
D:\WorkPlace\GitHub\AABoostLib\AABoostLib\AABoostLib\x64\Debug\vc100.idb
D:\WORKPLACE\GITHUB\AABOOSTLIB\AABOOSTLIB\AABOOSTLIB\X64\DEBUG\VC100.PDB
D:\WorkPlace\GitHub\AABoostLib\AABoostLib\x64\Debug\AABoostLib.pdb
