Build started 2012/9/1 11:17:55.
     1>Project "C:\Users\LvFQ\Documents\GitHub\AABoostLib\AABoostLib\AABoostLib\AABoostLib.vcxproj" on node 2 (build target(s)).
     1>InitializeBuildStatus:
         Touching "Debug\AABoostLib.unsuccessfulbuild".
       ClCompile:
         All outputs are up-to-date.
       ManifestResourceCompile:
         All outputs are up-to-date.
       Link:
         D:\Program Files\Microsoft Visual Studio 10.0\VC\bin\link.exe /ERRORREPORT:PROMPT /OUT:"C:\Users\LvFQ\Documents\GitHub\AABoostLib\AABoostLib\Debug\AABoostLib.dll" /INCREMENTAL /NOLOGO /LIBPATH:D:\OpenCV2.3_VS2010\install\lib opencv_calib3d230d.lib opencv_contrib230d.lib opencv_core230d.lib opencv_features2d230d.lib opencv_flann230d.lib opencv_gpu230d.lib opencv_highgui230d.lib opencv_imgproc230d.lib opencv_legacy230d.lib opencv_ml230d.lib opencv_objdetect230d.lib opencv_ts230d.lib opencv_video230d.lib kernel32.lib user32.lib gdi32.lib winspool.lib comdlg32.lib advapi32.lib shell32.lib ole32.lib oleaut32.lib uuid.lib odbc32.lib odbccp32.lib /MANIFEST /ManifestFile:"Debug\AABoostLib.dll.intermediate.manifest" /MANIFESTUAC:"level='asInvoker' uiAccess='false'" /DEBUG /PDB:"C:\Users\LvFQ\Documents\GitHub\AABoostLib\AABoostLib\Debug\AABoostLib.pdb" /SUBSYSTEM:WINDOWS /TLBID:1 /DYNAMICBASE /NXCOMPAT /IMPLIB:"C:\Users\LvFQ\Documents\GitHub\AABoostLib\AABoostLib\Debug\AABoostLib.lib" /MACHINE:X86 /DLL Debug\AABoostLib.dll.embed.manifest.res
         Debug\AABoostLib.obj
         Debug\FallsDetector.obj
         Debug\HaarFeature.obj
         Debug\RealAdaboost.obj
       Manifest:
         C:\Program Files\Microsoft SDKs\Windows\v7.0A\bin\mt.exe /nologo /verbose /out:"Debug\AABoostLib.dll.embed.manifest" /manifest Debug\AABoostLib.dll.intermediate.manifest
         All outputs are up-to-date.
       LinkEmbedManifest:
         All outputs are up-to-date.
         AABoostLib.vcxproj -> C:\Users\LvFQ\Documents\GitHub\AABoostLib\AABoostLib\Debug\AABoostLib.dll
       FinalizeBuildStatus:
         Deleting file "Debug\AABoostLib.unsuccessfulbuild".
         Touching "Debug\AABoostLib.lastbuildstate".
     1>Done Building Project "C:\Users\LvFQ\Documents\GitHub\AABoostLib\AABoostLib\AABoostLib\AABoostLib.vcxproj" (build target(s)).

Build succeeded.

Time Elapsed 00:00:02.13
