C:\USERS\LVFQ\APPDATA\LOCAL\MICROSOFT\WINDOWS\WER\REPORTARCHIVE\APPCRASH_CL.EXE_54E1262DB44759B9C962D63A7A61224837D62D5_0597C6B7\REPORT.WER
C:\USERS\LVFQ\APPDATA\LOCAL\MICROSOFT\WINDOWS\WER\REPORTARCHIVE\APPCRASH_CL.EXE_54E1262DB44759B9C962D63A7A61224837D62D5_0A23AB4C\REPORT.WER
C:\USERS\LVFQ\APPDATA\LOCAL\MICROSOFT\WINDOWS\WER\REPORTARCHIVE\APPCRASH_CL.EXE_54E1262DB44759B9C962D63A7A61224837D62D5_174E8E0C\REPORT.WER
C:\USERS\LVFQ\APPDATA\LOCAL\MICROSOFT\WINDOWS\WER\REPORTARCHIVE\APPCRASH_CL.EXE_54E1262DB44759B9C962D63A7A61224837D62D5_1EF707FD\REPORT.WER
D:\WORKPLACE\GITHUB\AABOOSTLIB\AABOOSTLIB\AABOOSTLIB\DEBUG\AABOOSTLIB.DLL.EMBED.MANIFEST
D:\WORKPLACE\GITHUB\AABOOSTLIB\AABOOSTLIB\AABOOSTLIB\DEBUG\AABOOSTLIB.DLL.EMBED.MANIFEST.RES
D:\WorkPlace\GitHub\AABoostLib\AABoostLib\AABoostLib\Debug\AABoostLib.dll.intermediate.manifest
D:\WORKPLACE\GITHUB\AABOOSTLIB\AABOOSTLIB\AABOOSTLIB\DEBUG\AABOOSTLIB.OBJ
D:\WorkPlace\GitHub\AABoostLib\AABoostLib\AABoostLib\Debug\AABoostLib.write.1.tlog
D:\WorkPlace\GitHub\AABoostLib\AABoostLib\AABoostLib\Debug\AABoostLib_manifest.rc
D:\WORKPLACE\GITHUB\AABOOSTLIB\AABOOSTLIB\AABOOSTLIB\DEBUG\BACKGROUND.OBJ
D:\WorkPlace\GitHub\AABoostLib\AABoostLib\AABoostLib\Debug\cl.command.1.tlog
D:\WorkPlace\GitHub\AABoostLib\AABoostLib\AABoostLib\Debug\CL.read.1.tlog
D:\WorkPlace\GitHub\AABoostLib\AABoostLib\AABoostLib\Debug\CL.write.1.tlog
D:\WorkPlace\GitHub\AABoostLib\AABoostLib\AABoostLib\Debug\CL-DW20.read.1.tlog
D:\WorkPlace\GitHub\AABoostLib\AABoostLib\AABoostLib\Debug\CL-DW20.write.1.tlog
D:\WorkPlace\GitHub\AABoostLib\AABoostLib\AABoostLib\Debug\CL-DW20-dwwin.read.1.tlog
D:\WorkPlace\GitHub\AABoostLib\AABoostLib\AABoostLib\Debug\CL-DW20-dwwin.read.2.tlog
D:\WorkPlace\GitHub\AABoostLib\AABoostLib\AABoostLib\Debug\CL-DW20-dwwin.read.5.tlog
D:\WorkPlace\GitHub\AABoostLib\AABoostLib\AABoostLib\Debug\CL-DW20-dwwin.write.1.tlog
D:\WorkPlace\GitHub\AABoostLib\AABoostLib\AABoostLib\Debug\CL-DW20-dwwin.write.2.tlog
D:\WorkPlace\GitHub\AABoostLib\AABoostLib\AABoostLib\Debug\CL-DW20-dwwin.write.5.tlog
D:\WORKPLACE\GITHUB\AABOOSTLIB\AABOOSTLIB\AABOOSTLIB\DEBUG\FALLSDETECTOR.OBJ
D:\WORKPLACE\GITHUB\AABOOSTLIB\AABOOSTLIB\AABOOSTLIB\DEBUG\HAARFEATURE.OBJ
D:\WorkPlace\GitHub\AABoostLib\AABoostLib\AABoostLib\Debug\link.2120.read.1.tlog
D:\WorkPlace\GitHub\AABoostLib\AABoostLib\AABoostLib\Debug\link.2120.write.1.tlog
D:\WorkPlace\GitHub\AABoostLib\AABoostLib\AABoostLib\Debug\link.2120-cvtres.read.1.tlog
D:\WorkPlace\GitHub\AABoostLib\AABoostLib\AABoostLib\Debug\link.2120-cvtres.write.1.tlog
D:\WorkPlace\GitHub\AABoostLib\AABoostLib\AABoostLib\Debug\link.2708.read.1.tlog
D:\WorkPlace\GitHub\AABoostLib\AABoostLib\AABoostLib\Debug\link.2708.write.1.tlog
D:\WorkPlace\GitHub\AABoostLib\AABoostLib\AABoostLib\Debug\link.2708-cvtres.read.1.tlog
D:\WorkPlace\GitHub\AABoostLib\AABoostLib\AABoostLib\Debug\link.2708-cvtres.write.1.tlog
D:\WorkPlace\GitHub\AABoostLib\AABoostLib\AABoostLib\Debug\link.3672.read.1.tlog
D:\WorkPlace\GitHub\AABoostLib\AABoostLib\AABoostLib\Debug\link.3672.write.1.tlog
D:\WorkPlace\GitHub\AABoostLib\AABoostLib\AABoostLib\Debug\link.3672-cvtres.read.1.tlog
D:\WorkPlace\GitHub\AABoostLib\AABoostLib\AABoostLib\Debug\link.3672-cvtres.write.1.tlog
D:\WorkPlace\GitHub\AABoostLib\AABoostLib\AABoostLib\Debug\link.5308.read.1.tlog
D:\WorkPlace\GitHub\AABoostLib\AABoostLib\AABoostLib\Debug\link.5308.write.1.tlog
D:\WorkPlace\GitHub\AABoostLib\AABoostLib\AABoostLib\Debug\link.5308-cvtres.read.1.tlog
D:\WorkPlace\GitHub\AABoostLib\AABoostLib\AABoostLib\Debug\link.5308-cvtres.write.1.tlog
D:\WorkPlace\GitHub\AABoostLib\AABoostLib\AABoostLib\Debug\link.5612.read.1.tlog
D:\WorkPlace\GitHub\AABoostLib\AABoostLib\AABoostLib\Debug\link.5612.write.1.tlog
D:\WorkPlace\GitHub\AABoostLib\AABoostLib\AABoostLib\Debug\link.5612-cvtres.read.1.tlog
D:\WorkPlace\GitHub\AABoostLib\AABoostLib\AABoostLib\Debug\link.5612-cvtres.write.1.tlog
D:\WorkPlace\GitHub\AABoostLib\AABoostLib\AABoostLib\Debug\link.5992.read.1.tlog
D:\WorkPlace\GitHub\AABoostLib\AABoostLib\AABoostLib\Debug\link.5992.write.1.tlog
D:\WorkPlace\GitHub\AABoostLib\AABoostLib\AABoostLib\Debug\link.5992-cvtres.read.1.tlog
D:\WorkPlace\GitHub\AABoostLib\AABoostLib\AABoostLib\Debug\link.5992-cvtres.write.1.tlog
D:\WorkPlace\GitHub\AABoostLib\AABoostLib\AABoostLib\Debug\link.6124.read.1.tlog
D:\WorkPlace\GitHub\AABoostLib\AABoostLib\AABoostLib\Debug\link.6124.write.1.tlog
D:\WorkPlace\GitHub\AABoostLib\AABoostLib\AABoostLib\Debug\link.6124-cvtres.read.1.tlog
D:\WorkPlace\GitHub\AABoostLib\AABoostLib\AABoostLib\Debug\link.6124-cvtres.write.1.tlog
D:\WorkPlace\GitHub\AABoostLib\AABoostLib\AABoostLib\Debug\link.6456.read.1.tlog
D:\WorkPlace\GitHub\AABoostLib\AABoostLib\AABoostLib\Debug\link.6456.write.1.tlog
D:\WorkPlace\GitHub\AABoostLib\AABoostLib\AABoostLib\Debug\link.6456-cvtres.read.1.tlog
D:\WorkPlace\GitHub\AABoostLib\AABoostLib\AABoostLib\Debug\link.6456-cvtres.write.1.tlog
D:\WorkPlace\GitHub\AABoostLib\AABoostLib\AABoostLib\Debug\link.7312.read.1.tlog
D:\WorkPlace\GitHub\AABoostLib\AABoostLib\AABoostLib\Debug\link.7312.write.1.tlog
D:\WorkPlace\GitHub\AABoostLib\AABoostLib\AABoostLib\Debug\link.7312-cvtres.read.1.tlog
D:\WorkPlace\GitHub\AABoostLib\AABoostLib\AABoostLib\Debug\link.7312-cvtres.write.1.tlog
D:\WorkPlace\GitHub\AABoostLib\AABoostLib\AABoostLib\Debug\link.7452.read.1.tlog
D:\WorkPlace\GitHub\AABoostLib\AABoostLib\AABoostLib\Debug\link.7452.write.1.tlog
D:\WorkPlace\GitHub\AABoostLib\AABoostLib\AABoostLib\Debug\link.7452-cvtres.read.1.tlog
D:\WorkPlace\GitHub\AABoostLib\AABoostLib\AABoostLib\Debug\link.7452-cvtres.write.1.tlog
D:\WorkPlace\GitHub\AABoostLib\AABoostLib\AABoostLib\Debug\link.7528.read.1.tlog
D:\WorkPlace\GitHub\AABoostLib\AABoostLib\AABoostLib\Debug\link.7528.write.1.tlog
D:\WorkPlace\GitHub\AABoostLib\AABoostLib\AABoostLib\Debug\link.7528-cvtres.read.1.tlog
D:\WorkPlace\GitHub\AABoostLib\AABoostLib\AABoostLib\Debug\link.7528-cvtres.write.1.tlog
D:\WorkPlace\GitHub\AABoostLib\AABoostLib\AABoostLib\Debug\link.7568.read.1.tlog
D:\WorkPlace\GitHub\AABoostLib\AABoostLib\AABoostLib\Debug\link.7568.write.1.tlog
D:\WorkPlace\GitHub\AABoostLib\AABoostLib\AABoostLib\Debug\link.7568-cvtres.read.1.tlog
D:\WorkPlace\GitHub\AABoostLib\AABoostLib\AABoostLib\Debug\link.7568-cvtres.write.1.tlog
D:\WorkPlace\GitHub\AABoostLib\AABoostLib\AABoostLib\Debug\link.7768.read.1.tlog
D:\WorkPlace\GitHub\AABoostLib\AABoostLib\AABoostLib\Debug\link.7768.write.1.tlog
D:\WorkPlace\GitHub\AABoostLib\AABoostLib\AABoostLib\Debug\link.7768-cvtres.read.1.tlog
D:\WorkPlace\GitHub\AABoostLib\AABoostLib\AABoostLib\Debug\link.7768-cvtres.write.1.tlog
D:\WorkPlace\GitHub\AABoostLib\AABoostLib\AABoostLib\Debug\link.9008.read.1.tlog
D:\WorkPlace\GitHub\AABoostLib\AABoostLib\AABoostLib\Debug\link.9008.write.1.tlog
D:\WorkPlace\GitHub\AABoostLib\AABoostLib\AABoostLib\Debug\link.9008-cvtres.read.1.tlog
D:\WorkPlace\GitHub\AABoostLib\AABoostLib\AABoostLib\Debug\link.9008-cvtres.write.1.tlog
D:\WorkPlace\GitHub\AABoostLib\AABoostLib\AABoostLib\Debug\link.9084.read.1.tlog
D:\WorkPlace\GitHub\AABoostLib\AABoostLib\AABoostLib\Debug\link.9084.write.1.tlog
D:\WorkPlace\GitHub\AABoostLib\AABoostLib\AABoostLib\Debug\link.9084-cvtres.read.1.tlog
D:\WorkPlace\GitHub\AABoostLib\AABoostLib\AABoostLib\Debug\link.9084-cvtres.write.1.tlog
D:\WorkPlace\GitHub\AABoostLib\AABoostLib\AABoostLib\Debug\link.9848.read.1.tlog
D:\WorkPlace\GitHub\AABoostLib\AABoostLib\AABoostLib\Debug\link.9848.write.1.tlog
D:\WorkPlace\GitHub\AABoostLib\AABoostLib\AABoostLib\Debug\link.9848-cvtres.read.1.tlog
D:\WorkPlace\GitHub\AABoostLib\AABoostLib\AABoostLib\Debug\link.9848-cvtres.write.1.tlog
D:\WorkPlace\GitHub\AABoostLib\AABoostLib\AABoostLib\Debug\link.command.1.tlog
D:\WorkPlace\GitHub\AABoostLib\AABoostLib\AABoostLib\Debug\link.read.1.tlog
D:\WorkPlace\GitHub\AABoostLib\AABoostLib\AABoostLib\Debug\link.write.1.tlog
D:\WorkPlace\GitHub\AABoostLib\AABoostLib\AABoostLib\Debug\link-cvtres.read.1.tlog
D:\WorkPlace\GitHub\AABoostLib\AABoostLib\AABoostLib\Debug\link-cvtres.write.1.tlog
D:\WorkPlace\GitHub\AABoostLib\AABoostLib\AABoostLib\Debug\mt.command.1.tlog
D:\WorkPlace\GitHub\AABoostLib\AABoostLib\AABoostLib\Debug\mt.read.1.tlog
D:\WorkPlace\GitHub\AABoostLib\AABoostLib\AABoostLib\Debug\mt.write.1.tlog
D:\WorkPlace\GitHub\AABoostLib\AABoostLib\AABoostLib\Debug\rc.command.1.tlog
D:\WorkPlace\GitHub\AABoostLib\AABoostLib\AABoostLib\Debug\rc.read.1.tlog
D:\WorkPlace\GitHub\AABoostLib\AABoostLib\AABoostLib\Debug\rc.write.1.tlog
D:\WORKPLACE\GITHUB\AABOOSTLIB\AABOOSTLIB\AABOOSTLIB\DEBUG\REALADABOOST.OBJ
D:\WorkPlace\GitHub\AABoostLib\AABoostLib\AABoostLib\Debug\vc100.idb
D:\WORKPLACE\GITHUB\AABOOSTLIB\AABOOSTLIB\AABOOSTLIB\DEBUG\VC100.PDB
D:\WorkPlace\GitHub\AABoostLib\AABoostLib\Debug\AABoostLib.exp
D:\WorkPlace\GitHub\AABoostLib\AABoostLib\Debug\AABoostLib.lib
D:\WorkPlace\GitHub\AABoostLib\AABoostLib\Debug\AABoostLib.pdb
