Build started 2012/9/14 23:28:19.
     1>Project "D:\WorkPlace\GitHub\AABoostLib\AABoostLib\AABoostLib\AABoostLib.vcxproj" on node 2 (build target(s)).
     1>InitializeBuildStatus:
         Creating "Release\AABoostLib.unsuccessfulbuild" because "AlwaysCreate" was specified.
       ClCompile:
         D:\Program Files (x86)\Microsoft Visual Studio 10.0\VC\bin\CL.exe /c /ID:\OpenCV2.4.2\opencv\custombuild\install\include\opencv /ID:\OpenCV2.4.2\opencv\custombuild\install\include /Zi /nologo /W3 /WX- /O2 /Oi /Oy- /GL /D WIN32 /D NDEBUG /D _WINDOWS /D _USRDLL /D AABOOSTLIB_EXPORTS /D _WINDLL /D _UNICODE /D UNICODE /Gm- /EHsc /MD /GS /Gy /fp:precise /Zc:wchar_t /Zc:forScope /Fo"Release\\" /Fd"Release\vc100.pdb" /Gd /TP /analyze- /errorReport:prompt FallsDetector.cpp
         FallsDetector.cpp
       Link:
         D:\Program Files (x86)\Microsoft Visual Studio 10.0\VC\bin\link.exe /ERRORREPORT:PROMPT /OUT:"D:\WorkPlace\GitHub\AABoostLib\AABoostLib\Release\AABoostLib.dll" /INCREMENTAL:NO /NOLOGO /LIBPATH:D:\OpenCV2.4.2\opencv\custombuild\install\lib opencv_calib3d242.lib opencv_contrib242.lib opencv_core242.lib opencv_features2d242.lib opencv_flann242.lib opencv_gpu242.lib opencv_highgui242.lib opencv_imgproc242.lib opencv_legacy242.lib opencv_ml242.lib opencv_nonfree242.lib opencv_objdetect242.lib opencv_photo242.lib opencv_stitching242.lib opencv_ts242.lib opencv_video242.lib opencv_videostab242.lib kernel32.lib user32.lib gdi32.lib winspool.lib comdlg32.lib advapi32.lib shell32.lib ole32.lib oleaut32.lib uuid.lib odbc32.lib odbccp32.lib /DEF:"AABoostLib.def" /MANIFEST /ManifestFile:"Release\AABoostLib.dll.intermediate.manifest" /MANIFESTUAC:"level='asInvoker' uiAccess='false'" /DEBUG /PDB:"D:\WorkPlace\GitHub\AABoostLib\AABoostLib\Release\AABoostLib.pdb" /SUBSYSTEM:WINDOWS /OPT:REF /OPT:ICF /LTCG /TLBID:1 /DYNAMICBASE /NXCOMPAT /IMPLIB:"D:\WorkPlace\GitHub\AABoostLib\AABoostLib\Release\AABoostLib.lib" /MACHINE:X86 /DLL Release\AABoostLib.obj
         Release\BackGround.obj
         Release\FallsDetector.obj
         Release\HaarFeature.obj
         Release\RealAdaboost.obj
            Creating library D:\WorkPlace\GitHub\AABoostLib\AABoostLib\Release\AABoostLib.lib and object D:\WorkPlace\GitHub\AABoostLib\AABoostLib\Release\AABoostLib.exp
         Generating code
         Finished generating code
         AABoostLib.vcxproj -> D:\WorkPlace\GitHub\AABoostLib\AABoostLib\Release\AABoostLib.dll
       Manifest:
         C:\Program Files (x86)\Microsoft SDKs\Windows\v7.0A\bin\mt.exe /nologo /verbose /outputresource:"D:\WorkPlace\GitHub\AABoostLib\AABoostLib\Release\AABoostLib.dll;#2" /manifest Release\AABoostLib.dll.intermediate.manifest
       FinalizeBuildStatus:
         Deleting file "Release\AABoostLib.unsuccessfulbuild".
         Touching "Release\AABoostLib.lastbuildstate".
     1>Done Building Project "D:\WorkPlace\GitHub\AABoostLib\AABoostLib\AABoostLib\AABoostLib.vcxproj" (build target(s)).

Build succeeded.

Time Elapsed 00:00:04.10
