D:\WORKPLACE\GITHUB\AABOOSTLIB\AABOOSTLIB\AABOOSTLIB\X64\RELEASE\AABOOSTLIB.DLL.INTERMEDIATE.MANIFEST
D:\WORKPLACE\GITHUB\AABOOSTLIB\AABOOSTLIB\AABOOSTLIB\X64\RELEASE\AABOOSTLIB.OBJ
D:\WorkPlace\GitHub\AABoostLib\AABoostLib\AABoostLib\x64\Release\AABoostLib.write.1.tlog
D:\WORKPLACE\GITHUB\AABOOSTLIB\AABOOSTLIB\AABOOSTLIB\X64\RELEASE\BACKGROUND.OBJ
D:\WorkPlace\GitHub\AABoostLib\AABoostLib\AABoostLib\x64\Release\cl.command.1.tlog
D:\WorkPlace\GitHub\AABoostLib\AABoostLib\AABoostLib\x64\Release\CL.read.1.tlog
D:\WorkPlace\GitHub\AABoostLib\AABoostLib\AABoostLib\x64\Release\CL.write.1.tlog
D:\WORKPLACE\GITHUB\AABOOSTLIB\AABOOSTLIB\AABOOSTLIB\X64\RELEASE\FALLSDETECTOR.OBJ
D:\WORKPLACE\GITHUB\AABOOSTLIB\AABOOSTLIB\AABOOSTLIB\X64\RELEASE\HAARFEATURE.OBJ
D:\WORKPLACE\GITHUB\AABOOSTLIB\AABOOSTLIB\AABOOSTLIB\X64\RELEASE\HOGFEATURE.OBJ
D:\WorkPlace\GitHub\AABoostLib\AABoostLib\AABoostLib\x64\Release\link.command.1.tlog
D:\WorkPlace\GitHub\AABoostLib\AABoostLib\AABoostLib\x64\Release\link.read.1.tlog
D:\WorkPlace\GitHub\AABoostLib\AABoostLib\AABoostLib\x64\Release\link.write.1.tlog
D:\WorkPlace\GitHub\AABoostLib\AABoostLib\AABoostLib\x64\Release\mt.command.1.tlog
D:\WorkPlace\GitHub\AABoostLib\AABoostLib\AABoostLib\x64\Release\mt.read.1.tlog
D:\WorkPlace\GitHub\AABoostLib\AABoostLib\AABoostLib\x64\Release\mt.read.2.tlog
D:\WorkPlace\GitHub\AABoostLib\AABoostLib\AABoostLib\x64\Release\mt.write.1.tlog
D:\WORKPLACE\GITHUB\AABOOSTLIB\AABOOSTLIB\AABOOSTLIB\X64\RELEASE\REALADABOOST.OBJ
D:\WORKPLACE\GITHUB\AABOOSTLIB\AABOOSTLIB\AABOOSTLIB\X64\RELEASE\VC100.PDB
D:\WORKPLACE\GITHUB\AABOOSTLIB\AABOOSTLIB\X64\RELEASE\AABOOSTLIB.DLL
D:\WorkPlace\GitHub\AABoostLib\AABoostLib\x64\Release\AABoostLib.exp
D:\WorkPlace\GitHub\AABoostLib\AABoostLib\x64\Release\AABoostLib.lib
D:\WORKPLACE\GITHUB\AABOOSTLIB\AABOOSTLIB\X64\RELEASE\AABOOSTLIB.PDB
