D:\WorkPlace\GitHub\AABoostLib\AABoostLib\CustomSVM\x64\Release\cl.command.1.tlog
D:\WorkPlace\GitHub\AABoostLib\AABoostLib\CustomSVM\x64\Release\CL.read.1.tlog
D:\WorkPlace\GitHub\AABoostLib\AABoostLib\CustomSVM\x64\Release\CL.write.1.tlog
D:\WORKPLACE\GITHUB\AABOOSTLIB\AABOOSTLIB\CUSTOMSVM\X64\RELEASE\CUSTOMSVM.DLL.INTERMEDIATE.MANIFEST
D:\WORKPLACE\GITHUB\AABOOSTLIB\AABOOSTLIB\CUSTOMSVM\X64\RELEASE\CUSTOMSVM.OBJ
D:\WorkPlace\GitHub\AABoostLib\AABoostLib\CustomSVM\x64\Release\CustomSVM.write.1.tlog
D:\WorkPlace\GitHub\AABoostLib\AABoostLib\CustomSVM\x64\Release\link.command.1.tlog
D:\WorkPlace\GitHub\AABoostLib\AABoostLib\CustomSVM\x64\Release\link.read.1.tlog
D:\WorkPlace\GitHub\AABoostLib\AABoostLib\CustomSVM\x64\Release\link.write.1.tlog
D:\WorkPlace\GitHub\AABoostLib\AABoostLib\CustomSVM\x64\Release\mt.command.1.tlog
D:\WorkPlace\GitHub\AABoostLib\AABoostLib\CustomSVM\x64\Release\mt.read.1.tlog
D:\WorkPlace\GitHub\AABoostLib\AABoostLib\CustomSVM\x64\Release\mt.read.2.tlog
D:\WorkPlace\GitHub\AABoostLib\AABoostLib\CustomSVM\x64\Release\mt.write.1.tlog
D:\WORKPLACE\GITHUB\AABOOSTLIB\AABOOSTLIB\CUSTOMSVM\X64\RELEASE\SVM.OBJ
D:\WORKPLACE\GITHUB\AABOOSTLIB\AABOOSTLIB\CUSTOMSVM\X64\RELEASE\SVM-PREDICT.OBJ
D:\WORKPLACE\GITHUB\AABOOSTLIB\AABOOSTLIB\CUSTOMSVM\X64\RELEASE\VC100.PDB
D:\WORKPLACE\GITHUB\AABOOSTLIB\AABOOSTLIB\X64\RELEASE\CUSTOMSVM.DLL
D:\WorkPlace\GitHub\AABoostLib\AABoostLib\x64\Release\CustomSVM.exp
D:\WorkPlace\GitHub\AABoostLib\AABoostLib\x64\Release\CustomSVM.lib
D:\WORKPLACE\GITHUB\AABOOSTLIB\AABOOSTLIB\X64\RELEASE\CUSTOMSVM.PDB
